app/build/outputs/logs/manifest-merger-debug-report.txt
-- Merging decision tree log ---
manifest
ADDED from src/main/AndroidManifest.xml:2:1-437:12
	package
		ADDED from src/main/AndroidManifest.xml:3:5-31
		INJECTED from src/main/AndroidManifest.xml
		INJECTED from src/main/AndroidManifest.xml
	android:versionName
		ADDED from src/main/AndroidManifest.xml:5:5-32
		INJECTED from src/main/AndroidManifest.xml
		INJECTED from src/main/AndroidManifest.xml
	android:versionCode
		ADDED from src/main/AndroidManifest.xml:4:5-28
		INJECTED from src/main/AndroidManifest.xml
		INJECTED from src/main/AndroidManifest.xml
	xmlns:android
		ADDED from src/main/AndroidManifest.xml:2:11-69
	android:installLocation
		ADDED from src/main/AndroidManifest.xml:6:5-45
uses-sdk
ADDED from src/main/AndroidManifest.xml:8:5-10:41
MERGED from [Chengde:library_pulltorefresh:unspecified] AndroidManifest.xml:7:5-9:40
MERGED from [com.android.support:appcompat-v7:23.0.0] AndroidManifest.xml:20:5-43
MERGED from [com.android.support:support-v4:23.0.0] AndroidManifest.xml:20:5-43
MERGED from [cn.jiguang:jpush:2.2.0] AndroidManifest.xml:7:5-9:41
MERGED from [io.reactivex:rxandroid:1.2.1] AndroidManifest.xml:19:5-43
	android:targetSdkVersion
		ADDED from src/main/AndroidManifest.xml:10:9-38
		INJECTED from src/main/AndroidManifest.xml
		INJECTED from src/main/AndroidManifest.xml
	android:minSdkVersion
		ADDED from src/main/AndroidManifest.xml:9:9-35
		INJECTED from src/main/AndroidManifest.xml
		INJECTED from src/main/AndroidManifest.xml
permission#com.bupt.chengde.permission.JPUSH_MESSAGE
ADDED from src/main/AndroidManifest.xml:12:5-14:47
MERGED from [cn.jiguang:jpush:2.2.0] AndroidManifest.xml:11:5-13:47
	android:protectionLevel
		ADDED from src/main/AndroidManifest.xml:14:9-44
	android:name
		ADDED from src/main/AndroidManifest.xml:13:9-65
uses-permission#com.bupt.chengde.permission.JPUSH_MESSAGE
ADDED from src/main/AndroidManifest.xml:17:5-81
MERGED from [cn.jiguang:jpush:2.2.0] AndroidManifest.xml:16:5-81
	android:name
		ADDED from src/main/AndroidManifest.xml:17:22-78
uses-permission#android.permission.RECEIVE_USER_PRESENT
ADDED from src/main/AndroidManifest.xml:18:5-79
MERGED from [cn.jiguang:jpush:2.2.0] AndroidManifest.xml:17:5-79
	android:name
		ADDED from src/main/AndroidManifest.xml:18:22-76
uses-permission#android.permission.GET_TASKS
ADDED from src/main/AndroidManifest.xml:19:5-68
	android:name
		ADDED from src/main/AndroidManifest.xml:19:22-65
uses-permission#android.permission.INTERNET
ADDED from src/main/AndroidManifest.xml:20:5-67
MERGED from [cn.jiguang:jpush:2.2.0] AndroidManifest.xml:18:5-67
	android:name
		ADDED from src/main/AndroidManifest.xml:20:22-64
uses-permission#android.permission.WAKE_LOCK
ADDED from src/main/AndroidManifest.xml:21:5-68
MERGED from [cn.jiguang:jpush:2.2.0] AndroidManifest.xml:19:5-68
	android:name
		ADDED from src/main/AndroidManifest.xml:21:22-65
uses-permission#android.permission.ACCESS_WIFI_STATE
ADDED from src/main/AndroidManifest.xml:22:5-76
MERGED from [cn.jiguang:jpush:2.2.0] AndroidManifest.xml:27:5-76
	android:name
		ADDED from src/main/AndroidManifest.xml:22:22-73
uses-permission#android.permission.ACCESS_NETWORK_STATE
ADDED from src/main/AndroidManifest.xml:23:5-79
MERGED from [cn.jiguang:jpush:2.2.0] AndroidManifest.xml:26:5-79
	android:name
		ADDED from src/main/AndroidManifest.xml:23:22-76
uses-permission#android.permission.CHANGE_WIFI_STATE
ADDED from src/main/AndroidManifest.xml:24:5-76
MERGED from [cn.jiguang:jpush:2.2.0] AndroidManifest.xml:31:5-76
	android:name
		ADDED from src/main/AndroidManifest.xml:24:22-73
uses-permission#android.permission.CHANGE_NETWORK_STATE
ADDED from src/main/AndroidManifest.xml:25:5-79
MERGED from [cn.jiguang:jpush:2.2.0] AndroidManifest.xml:34:5-79
	android:name
		ADDED from src/main/AndroidManifest.xml:25:22-76
uses-permission#android.permission.READ_EXTERNAL_STORAGE
ADDED from src/main/AndroidManifest.xml:26:5-80
MERGED from [cn.jiguang:jpush:2.2.0] AndroidManifest.xml:22:5-80
	android:name
		ADDED from src/main/AndroidManifest.xml:26:22-77
uses-permission#android.permission.WRITE_EXTERNAL_STORAGE
ADDED from src/main/AndroidManifest.xml:27:5-81
MERGED from [cn.jiguang:jpush:2.2.0] AndroidManifest.xml:21:5-81
	android:name
		ADDED from src/main/AndroidManifest.xml:27:22-78
uses-permission#android.permission.READ_PHONE_STATE
ADDED from src/main/AndroidManifest.xml:28:5-75
MERGED from [cn.jiguang:jpush:2.2.0] AndroidManifest.xml:20:5-75
	android:name
		ADDED from src/main/AndroidManifest.xml:28:22-72
uses-permission#android.permission.MANAGE_ACCOUNTS
ADDED from src/main/AndroidManifest.xml:29:5-74
	android:name
		ADDED from src/main/AndroidManifest.xml:29:22-71
uses-permission#android.permission.MOUNT_UNMOUNT_FILESYSTEMS
ADDED from src/main/AndroidManifest.xml:30:5-84
MERGED from [cn.jiguang:jpush:2.2.0] AndroidManifest.xml:25:5-84
	android:name
		ADDED from src/main/AndroidManifest.xml:30:22-81
uses-permission#android.permission.WRITE_SETTINGS
ADDED from src/main/AndroidManifest.xml:31:5-73
MERGED from [cn.jiguang:jpush:2.2.0] AndroidManifest.xml:23:5-73
	android:name
		ADDED from src/main/AndroidManifest.xml:31:22-70
uses-permission#android.permission.GET_ACCOUNTS
ADDED from src/main/AndroidManifest.xml:32:5-71
	android:name
		ADDED from src/main/AndroidManifest.xml:32:22-68
uses-permission#android.permission.VIBRATE
ADDED from src/main/AndroidManifest.xml:33:5-66
MERGED from [cn.jiguang:jpush:2.2.0] AndroidManifest.xml:24:5-66
	android:name
		ADDED from src/main/AndroidManifest.xml:33:22-63
uses-permission#android.permission.SYSTEM_ALERT_WINDOW
ADDED from src/main/AndroidManifest.xml:34:5-78
	android:name
		ADDED from src/main/AndroidManifest.xml:34:22-75
uses-permission#android.permission.BLUETOOTH
ADDED from src/main/AndroidManifest.xml:36:5-68
	android:name
		ADDED from src/main/AndroidManifest.xml:36:22-65
uses-permission#android.permission.BLUETOOTH_ADMIN
ADDED from src/main/AndroidManifest.xml:37:5-74
	android:name
		ADDED from src/main/AndroidManifest.xml:37:22-71
uses-permission#android.permission.CALL_PHONE
ADDED from src/main/AndroidManifest.xml:38:5-69
	android:name
		ADDED from src/main/AndroidManifest.xml:38:22-66
uses-permission#android.permission.ACCESS_COARSE_LOCATION
ADDED from src/main/AndroidManifest.xml:39:5-81
MERGED from [cn.jiguang:jpush:2.2.0] AndroidManifest.xml:30:5-81
	android:name
		ADDED from src/main/AndroidManifest.xml:39:22-78
uses-permission#android.permission.ACCESS_FINE_LOCATION
ADDED from src/main/AndroidManifest.xml:40:5-79
MERGED from [cn.jiguang:jpush:2.2.0] AndroidManifest.xml:32:5-79
	android:name
		ADDED from src/main/AndroidManifest.xml:40:22-76
uses-permission#android.permission.ACCESS_LOCATION_EXTRA_COMMANDS
ADDED from src/main/AndroidManifest.xml:41:5-89
MERGED from [cn.jiguang:jpush:2.2.0] AndroidManifest.xml:33:5-89
	android:name
		ADDED from src/main/AndroidManifest.xml:41:22-86
application
ADDED from src/main/AndroidManifest.xml:43:5-435:19
MERGED from [Chengde:library_pulltorefresh:unspecified] AndroidManifest.xml:11:5-20
MERGED from [com.android.support:appcompat-v7:23.0.0] AndroidManifest.xml:22:5-20
MERGED from [com.android.support:support-v4:23.0.0] AndroidManifest.xml:22:5-20
MERGED from [cn.jiguang:jpush:2.2.0] AndroidManifest.xml:36:5-127:19
	android:label
		ADDED from src/main/AndroidManifest.xml:47:9-41
	android:allowBackup
		ADDED from src/main/AndroidManifest.xml:45:9-35
	android:icon
		ADDED from src/main/AndroidManifest.xml:46:9-42
	android:theme
		ADDED from src/main/AndroidManifest.xml:48:9-56
	android:name
		ADDED from src/main/AndroidManifest.xml:44:9-62
activity#com.bupt.chengde.ui.LauncherActivity
ADDED from src/main/AndroidManifest.xml:50:9-58:20
	android:screenOrientation
		ADDED from src/main/AndroidManifest.xml:52:13-49
	android:name
		ADDED from src/main/AndroidManifest.xml:51:13-48
intent-filter#android.intent.action.MAIN+android.intent.category.LAUNCHER
ADDED from src/main/AndroidManifest.xml:53:13-57:29
action#android.intent.action.MAIN
ADDED from src/main/AndroidManifest.xml:54:17-69
	android:name
		ADDED from src/main/AndroidManifest.xml:54:25-66
category#android.intent.category.LAUNCHER
ADDED from src/main/AndroidManifest.xml:56:17-77
	android:name
		ADDED from src/main/AndroidManifest.xml:56:27-74
activity#com.bupt.chengde.ui.LauncherViewPagerActivity
ADDED from src/main/AndroidManifest.xml:59:9-61:20
	android:screenOrientation
		ADDED from src/main/AndroidManifest.xml:60:13-49
	android:name
		ADDED from src/main/AndroidManifest.xml:59:19-63
activity#com.bupt.chengde.ui.ChengdeMainActivity
ADDED from src/main/AndroidManifest.xml:62:9-66:20
	android:screenOrientation
		ADDED from src/main/AndroidManifest.xml:65:13-49
	android:launchMode
		ADDED from src/main/AndroidManifest.xml:64:13-44
	android:name
		ADDED from src/main/AndroidManifest.xml:63:13-51
activity#com.bupt.chengde.ui.me.LoginActivity
ADDED from src/main/AndroidManifest.xml:67:9-75:20
	android:screenOrientation
		ADDED from src/main/AndroidManifest.xml:71:13-49
	android:label
		ADDED from src/main/AndroidManifest.xml:69:13-57
	android:launchMode
		ADDED from src/main/AndroidManifest.xml:70:13-44
	android:name
		ADDED from src/main/AndroidManifest.xml:68:13-48
meta-data#android.support.PARENT_ACTIVITY
ADDED from src/main/AndroidManifest.xml:72:13-74:68
	android:value
		ADDED from src/main/AndroidManifest.xml:74:17-65
	android:name
		ADDED from src/main/AndroidManifest.xml:73:17-63
activity#com.bupt.chengde.ui.me.FindPasswordActivity
ADDED from src/main/AndroidManifest.xml:76:9-79:52
	android:screenOrientation
		ADDED from src/main/AndroidManifest.xml:79:13-49
	android:label
		ADDED from src/main/AndroidManifest.xml:78:13-65
	android:name
		ADDED from src/main/AndroidManifest.xml:77:13-55
activity#com.bupt.chengde.ui.me.FindPassword2Activity
ADDED from src/main/AndroidManifest.xml:80:10-83:52
	android:screenOrientation
		ADDED from src/main/AndroidManifest.xml:83:13-49
	android:label
		ADDED from src/main/AndroidManifest.xml:82:13-65
	android:name
		ADDED from src/main/AndroidManifest.xml:81:13-56
activity#com.bupt.chengde.ui.me.RegisterActivity
ADDED from src/main/AndroidManifest.xml:84:9-88:20
	android:screenOrientation
		ADDED from src/main/AndroidManifest.xml:87:13-49
	android:label
		ADDED from src/main/AndroidManifest.xml:86:13-60
	android:name
		ADDED from src/main/AndroidManifest.xml:85:13-51
activity#com.bupt.chengde.ui.me.MineInfromationActivity
ADDED from src/main/AndroidManifest.xml:89:9-92:20
	android:screenOrientation
		ADDED from src/main/AndroidManifest.xml:91:13-49
	android:name
		ADDED from src/main/AndroidManifest.xml:90:13-58
activity#com.bupt.chengde.ui.me.ChangeNichengActivity
ADDED from src/main/AndroidManifest.xml:93:9-96:20
	android:screenOrientation
		ADDED from src/main/AndroidManifest.xml:95:13-49
	android:name
		ADDED from src/main/AndroidManifest.xml:94:13-56
activity#com.bupt.chengde.ui.me.ChangePwdActivity
ADDED from src/main/AndroidManifest.xml:97:9-100:20
	android:screenOrientation
		ADDED from src/main/AndroidManifest.xml:99:13-49
	android:name
		ADDED from src/main/AndroidManifest.xml:98:13-52
activity#com.bupt.chengde.ui.me.ChangeSexActivity
ADDED from src/main/AndroidManifest.xml:101:9-104:20
	android:screenOrientation
		ADDED from src/main/AndroidManifest.xml:103:13-49
	android:name
		ADDED from src/main/AndroidManifest.xml:102:13-52
activity#com.bupt.chengde.ui.me.ChangePhoneActivity
ADDED from src/main/AndroidManifest.xml:105:9-108:20
	android:screenOrientation
		ADDED from src/main/AndroidManifest.xml:107:13-49
	android:name
		ADDED from src/main/AndroidManifest.xml:106:13-54
activity#com.bupt.chengde.ui.me.ChangeAddressActivity
ADDED from src/main/AndroidManifest.xml:109:9-112:20
	android:screenOrientation
		ADDED from src/main/AndroidManifest.xml:111:13-49
	android:name
		ADDED from src/main/AndroidManifest.xml:110:13-56
activity#com.bupt.chengde.ui.me.ChangeBirthdayActivity
ADDED from src/main/AndroidManifest.xml:113:9-116:20
	android:screenOrientation
		ADDED from src/main/AndroidManifest.xml:115:13-49
	android:name
		ADDED from src/main/AndroidManifest.xml:114:13-57
activity#com.bupt.chengde.ui.me.AboutUsActivity
ADDED from src/main/AndroidManifest.xml:117:9-121:20
	android:screenOrientation
		ADDED from src/main/AndroidManifest.xml:120:13-49
	android:label
		ADDED from src/main/AndroidManifest.xml:119:13-60
	android:name
		ADDED from src/main/AndroidManifest.xml:118:13-50
activity#com.bupt.chengde.ui.me.ZhiNanActivity
ADDED from src/main/AndroidManifest.xml:122:9-126:20
	android:screenOrientation
		ADDED from src/main/AndroidManifest.xml:125:13-49
	android:label
		ADDED from src/main/AndroidManifest.xml:124:13-59
	android:name
		ADDED from src/main/AndroidManifest.xml:123:13-49
activity#com.bupt.chengde.ui.me.MyCollectionActivity
ADDED from src/main/AndroidManifest.xml:127:9-131:20
	android:screenOrientation
		ADDED from src/main/AndroidManifest.xml:130:13-49
	android:label
		ADDED from src/main/AndroidManifest.xml:129:13-65
	android:name
		ADDED from src/main/AndroidManifest.xml:128:13-55
activity#com.bupt.chengde.ui.me.ProListActivity
ADDED from src/main/AndroidManifest.xml:132:9-136:20
	android:screenOrientation
		ADDED from src/main/AndroidManifest.xml:135:13-49
	android:label
		ADDED from src/main/AndroidManifest.xml:134:13-60
	android:name
		ADDED from src/main/AndroidManifest.xml:133:13-50
activity#com.bupt.chengde.ui.me.VersionActivity
ADDED from src/main/AndroidManifest.xml:137:9-141:20
	android:screenOrientation
		ADDED from src/main/AndroidManifest.xml:140:13-49
	android:label
		ADDED from src/main/AndroidManifest.xml:139:13-59
	android:name
		ADDED from src/main/AndroidManifest.xml:138:13-50
activity#com.bupt.chengde.ui.me.LotteryActivity
ADDED from src/main/AndroidManifest.xml:142:9-145:20
	android:screenOrientation
		ADDED from src/main/AndroidManifest.xml:144:13-49
	android:name
		ADDED from src/main/AndroidManifest.xml:143:13-50
activity#com.bupt.chengde.ui.me.Register2Activity
ADDED from src/main/AndroidManifest.xml:146:9-149:20
	android:screenOrientation
		ADDED from src/main/AndroidManifest.xml:148:13-49
	android:name
		ADDED from src/main/AndroidManifest.xml:147:13-52
activity#com.bupt.chengde.ui.me.MyCollectionListActivity
ADDED from src/main/AndroidManifest.xml:150:9-154:20
	android:screenOrientation
		ADDED from src/main/AndroidManifest.xml:153:14-50
	android:label
		ADDED from src/main/AndroidManifest.xml:152:13-70
	android:name
		ADDED from src/main/AndroidManifest.xml:151:13-59
activity#com.bupt.chengde.ui.home.HomeListDetailActivity
ADDED from src/main/AndroidManifest.xml:155:9-158:20
	android:screenOrientation
		ADDED from src/main/AndroidManifest.xml:157:13-49
	android:name
		ADDED from src/main/AndroidManifest.xml:156:13-59
activity#com.bupt.chengde.ui.home.MoreListActivity
ADDED from src/main/AndroidManifest.xml:159:9-162:20
	android:screenOrientation
		ADDED from src/main/AndroidManifest.xml:161:13-49
	android:name
		ADDED from src/main/AndroidManifest.xml:160:13-53
activity#com.bupt.chengde.ui.home.AdDetailActivity
ADDED from src/main/AndroidManifest.xml:163:9-166:20
	android:screenOrientation
		ADDED from src/main/AndroidManifest.xml:165:13-49
	android:name
		ADDED from src/main/AndroidManifest.xml:164:13-53
activity#com.bupt.chengde.ui.yyt.TvYewuActivity
ADDED from src/main/AndroidManifest.xml:167:9-169:52
	android:screenOrientation
		ADDED from src/main/AndroidManifest.xml:169:13-49
	android:name
		ADDED from src/main/AndroidManifest.xml:168:13-50
activity#com.bupt.chengde.ui.yyt.MacBusinessActivity
ADDED from src/main/AndroidManifest.xml:170:9-172:52
	android:screenOrientation
		ADDED from src/main/AndroidManifest.xml:172:13-49
	android:name
		ADDED from src/main/AndroidManifest.xml:171:13-55
activity#com.bupt.chengde.ui.yyt.TvYewuDeActivity
ADDED from src/main/AndroidManifest.xml:173:9-177:20
	android:screenOrientation
		ADDED from src/main/AndroidManifest.xml:176:13-49
	android:label
		ADDED from src/main/AndroidManifest.xml:175:13-62
	android:name
		ADDED from src/main/AndroidManifest.xml:174:13-52
activity#com.bupt.chengde.ui.yyt.InstallNewServicesActivity
ADDED from src/main/AndroidManifest.xml:178:9-182:20
	android:screenOrientation
		ADDED from src/main/AndroidManifest.xml:181:13-49
	android:label
		ADDED from src/main/AndroidManifest.xml:180:13-72
	android:name
		ADDED from src/main/AndroidManifest.xml:179:13-62
activity#com.bupt.chengde.ui.yyt.NewYewuSubmitActivity
ADDED from src/main/AndroidManifest.xml:183:9-186:20
	android:label
		ADDED from src/main/AndroidManifest.xml:185:13-67
	android:name
		ADDED from src/main/AndroidManifest.xml:184:13-57
activity#com.bupt.chengde.ui.yyt.GuZhangActivity
ADDED from src/main/AndroidManifest.xml:187:9-191:20
	android:screenOrientation
		ADDED from src/main/AndroidManifest.xml:190:13-49
	android:label
		ADDED from src/main/AndroidManifest.xml:189:13-60
	android:name
		ADDED from src/main/AndroidManifest.xml:188:13-51
activity#com.bupt.chengde.ui.yyt.YewuDingActivity
ADDED from src/main/AndroidManifest.xml:192:9-196:20
	android:screenOrientation
		ADDED from src/main/AndroidManifest.xml:195:13-49
	android:label
		ADDED from src/main/AndroidManifest.xml:194:13-61
	android:name
		ADDED from src/main/AndroidManifest.xml:193:13-52
activity#com.bupt.chengde.ui.yyt.SalesActiveActivity
ADDED from src/main/AndroidManifest.xml:197:9-200:20
	android:screenOrientation
		ADDED from src/main/AndroidManifest.xml:199:13-49
	android:name
		ADDED from src/main/AndroidManifest.xml:198:13-55
activity#com.bupt.chengde.ui.yyt.SalesActiveDetilActivity
ADDED from src/main/AndroidManifest.xml:201:9-205:20
	android:screenOrientation
		ADDED from src/main/AndroidManifest.xml:204:13-49
	android:label
		ADDED from src/main/AndroidManifest.xml:203:13-70
	android:name
		ADDED from src/main/AndroidManifest.xml:202:13-60
activity#com.bupt.chengde.ui.yyt.InvestigationActivity
ADDED from src/main/AndroidManifest.xml:206:9-209:20
	android:screenOrientation
		ADDED from src/main/AndroidManifest.xml:208:13-49
	android:name
		ADDED from src/main/AndroidManifest.xml:207:13-57
activity#com.bupt.chengde.ui.yyt.PayActivity
ADDED from src/main/AndroidManifest.xml:210:9-214:20
	android:screenOrientation
		ADDED from src/main/AndroidManifest.xml:213:13-49
	android:label
		ADDED from src/main/AndroidManifest.xml:212:13-55
	android:name
		ADDED from src/main/AndroidManifest.xml:211:13-47
activity#com.bupt.chengde.ui.yyt.YytAddrInfoActivity
ADDED from src/main/AndroidManifest.xml:215:9-218:20
	android:screenOrientation
		ADDED from src/main/AndroidManifest.xml:217:13-49
	android:name
		ADDED from src/main/AndroidManifest.xml:216:13-55
activity#com.bupt.chengde.ui.se.BianminActivity
ADDED from src/main/AndroidManifest.xml:219:9-223:20
	android:screenOrientation
		ADDED from src/main/AndroidManifest.xml:222:13-49
	android:label
		ADDED from src/main/AndroidManifest.xml:221:13-59
	android:name
		ADDED from src/main/AndroidManifest.xml:220:13-50
activity#com.bupt.chengde.ui.se.BianminDetailActivity
ADDED from src/main/AndroidManifest.xml:224:9-228:20
	android:screenOrientation
		ADDED from src/main/AndroidManifest.xml:226:13-49
	android:windowSoftInputMode
		ADDED from src/main/AndroidManifest.xml:227:13-55
	android:name
		ADDED from src/main/AndroidManifest.xml:225:13-56
activity#com.bupt.chengde.ui.se.JiemuYugaoActivity
ADDED from src/main/AndroidManifest.xml:229:9-233:20
	android:screenOrientation
		ADDED from src/main/AndroidManifest.xml:232:13-49
	android:label
		ADDED from src/main/AndroidManifest.xml:231:13-63
	android:name
		ADDED from src/main/AndroidManifest.xml:230:13-53
activity#com.bupt.chengde.ui.se.NewsActivity
ADDED from src/main/AndroidManifest.xml:234:9-238:20
	android:screenOrientation
		ADDED from src/main/AndroidManifest.xml:237:13-49
	android:label
		ADDED from src/main/AndroidManifest.xml:236:13-56
	android:name
		ADDED from src/main/AndroidManifest.xml:235:13-47
activity#com.bupt.chengde.ui.se.TravelActivity
ADDED from src/main/AndroidManifest.xml:239:9-242:20
	android:screenOrientation
		ADDED from src/main/AndroidManifest.xml:241:13-49
	android:name
		ADDED from src/main/AndroidManifest.xml:240:13-49
activity#com.bupt.chengde.ui.se.NewsDetailActivity
ADDED from src/main/AndroidManifest.xml:243:9-246:20
	android:screenOrientation
		ADDED from src/main/AndroidManifest.xml:245:13-49
	android:name
		ADDED from src/main/AndroidManifest.xml:244:13-53
activity#com.bupt.chengde.ui.se.PhotographActivity
ADDED from src/main/AndroidManifest.xml:247:9-250:20
	android:screenOrientation
		ADDED from src/main/AndroidManifest.xml:249:13-49
	android:name
		ADDED from src/main/AndroidManifest.xml:248:13-53
activity#com.bupt.chengde.ui.se.ServiceDetailActivity
ADDED from src/main/AndroidManifest.xml:251:9-254:20
	android:screenOrientation
		ADDED from src/main/AndroidManifest.xml:253:13-49
	android:name
		ADDED from src/main/AndroidManifest.xml:252:13-56
activity#com.bupt.chengde.ui.se.PhotographDetailActivity
ADDED from src/main/AndroidManifest.xml:255:9-258:20
	android:screenOrientation
		ADDED from src/main/AndroidManifest.xml:257:13-49
	android:name
		ADDED from src/main/AndroidManifest.xml:256:13-59
activity#com.bupt.chengde.ui.se.TravelDetailActivity
ADDED from src/main/AndroidManifest.xml:259:9-262:20
	android:screenOrientation
		ADDED from src/main/AndroidManifest.xml:261:13-49
	android:name
		ADDED from src/main/AndroidManifest.xml:260:13-55
activity#com.bupt.chengde.ui.se.TravelViewSpotActivity
ADDED from src/main/AndroidManifest.xml:263:9-266:20
	android:screenOrientation
		ADDED from src/main/AndroidManifest.xml:265:13-49
	android:name
		ADDED from src/main/AndroidManifest.xml:264:13-57
activity#com.bupt.chengde.ui.se.CommentActivity
ADDED from src/main/AndroidManifest.xml:267:9-272:20
	android:screenOrientation
		ADDED from src/main/AndroidManifest.xml:269:13-49
	android:windowSoftInputMode
		ADDED from src/main/AndroidManifest.xml:271:13-55
	android:theme
		ADDED from src/main/AndroidManifest.xml:270:13-52
	android:name
		ADDED from src/main/AndroidManifest.xml:268:13-50
activity#com.bupt.chengde.ui.se.CommentListActivity
ADDED from src/main/AndroidManifest.xml:273:9-276:20
	android:screenOrientation
		ADDED from src/main/AndroidManifest.xml:275:13-49
	android:name
		ADDED from src/main/AndroidManifest.xml:274:13-54
activity#com.bupt.chengde.ui.se.ShowWebImageActivity
ADDED from src/main/AndroidManifest.xml:277:9-73
	android:name
		ADDED from src/main/AndroidManifest.xml:277:19-61
receiver#com.bupt.chengde.control.AlarmReceiver
ADDED from src/main/AndroidManifest.xml:279:9-75
	android:name
		ADDED from src/main/AndroidManifest.xml:279:19-72
activity#com.bupt.chengde.ui.se.JiemuTwoActivity
ADDED from src/main/AndroidManifest.xml:309:9-313:20
	android:screenOrientation
		ADDED from src/main/AndroidManifest.xml:312:13-49
	android:label
		ADDED from src/main/AndroidManifest.xml:311:13-61
	android:name
		ADDED from src/main/AndroidManifest.xml:310:13-51
activity#com.bupt.chengde.ui.se.JiemuThreeActivity
ADDED from src/main/AndroidManifest.xml:314:9-318:20
	android:screenOrientation
		ADDED from src/main/AndroidManifest.xml:317:13-49
	android:label
		ADDED from src/main/AndroidManifest.xml:316:13-62
	android:name
		ADDED from src/main/AndroidManifest.xml:315:13-53
activity#cn.jpush.android.ui.PopWinActivity
ADDED from [cn.jiguang:jpush:2.2.0] AndroidManifest.xml:39:9-42:52
	android:exported
		ADDED from [cn.jiguang:jpush:2.2.0] AndroidManifest.xml:41:13-37
	android:theme
		ADDED from [cn.jiguang:jpush:2.2.0] AndroidManifest.xml:42:13-49
	android:name
		ADDED from [cn.jiguang:jpush:2.2.0] AndroidManifest.xml:40:13-62
activity#cn.jpush.android.ui.PushActivity
ADDED from [cn.jiguang:jpush:2.2.0] AndroidManifest.xml:45:9-56:20
	android:exported
		ADDED from [cn.jiguang:jpush:2.2.0] AndroidManifest.xml:48:13-37
	android:configChanges
		ADDED from [cn.jiguang:jpush:2.2.0] AndroidManifest.xml:47:13-63
	android:theme
		ADDED from [cn.jiguang:jpush:2.2.0] AndroidManifest.xml:49:13-60
	android:name
		ADDED from [cn.jiguang:jpush:2.2.0] AndroidManifest.xml:46:13-60
intent-filter#${JPUSH_PKGNAME}+android.intent.category.DEFAULT+cn.jpush.android.ui.PushActivity
ADDED from [cn.jiguang:jpush:2.2.0] AndroidManifest.xml:50:13-55:29
action#cn.jpush.android.ui.PushActivity
ADDED from [cn.jiguang:jpush:2.2.0] AndroidManifest.xml:51:17-75
	android:name
		ADDED from [cn.jiguang:jpush:2.2.0] AndroidManifest.xml:51:25-72
category#android.intent.category.DEFAULT
ADDED from [cn.jiguang:jpush:2.2.0] AndroidManifest.xml:53:17-76
	android:name
		ADDED from [cn.jiguang:jpush:2.2.0] AndroidManifest.xml:53:27-73
category#${JPUSH_PKGNAME}
ADDED from [cn.jiguang:jpush:2.2.0] AndroidManifest.xml:54:17-61
	android:name
		ADDED from [cn.jiguang:jpush:2.2.0] AndroidManifest.xml:54:27-58
service#cn.jpush.android.service.DownloadService
ADDED from [cn.jiguang:jpush:2.2.0] AndroidManifest.xml:58:9-61:40
	android:enabled
		ADDED from [cn.jiguang:jpush:2.2.0] AndroidManifest.xml:60:13-35
	android:exported
		ADDED from [cn.jiguang:jpush:2.2.0] AndroidManifest.xml:61:13-37
	android:name
		ADDED from [cn.jiguang:jpush:2.2.0] AndroidManifest.xml:59:13-68
service#cn.jpush.android.service.PushService
ADDED from [cn.jiguang:jpush:2.2.0] AndroidManifest.xml:65:9-76:19
	android:enabled
		ADDED from [cn.jiguang:jpush:2.2.0] AndroidManifest.xml:67:13-35
	android:process
		ADDED from [cn.jiguang:jpush:2.2.0] AndroidManifest.xml:69:13-40
	android:exported
		ADDED from [cn.jiguang:jpush:2.2.0] AndroidManifest.xml:68:13-37
	android:name
		ADDED from [cn.jiguang:jpush:2.2.0] AndroidManifest.xml:66:13-64
intent-filter#cn.jpush.android.intent.PUSH_TIME+cn.jpush.android.intent.PushService+cn.jpush.android.intent.REGISTER+cn.jpush.android.intent.REPORT
ADDED from [cn.jiguang:jpush:2.2.0] AndroidManifest.xml:70:13-75:29
action#cn.jpush.android.intent.REGISTER
ADDED from [cn.jiguang:jpush:2.2.0] AndroidManifest.xml:71:17-75
	android:name
		ADDED from [cn.jiguang:jpush:2.2.0] AndroidManifest.xml:71:25-72
action#cn.jpush.android.intent.REPORT
ADDED from [cn.jiguang:jpush:2.2.0] AndroidManifest.xml:72:17-73
	android:name
		ADDED from [cn.jiguang:jpush:2.2.0] AndroidManifest.xml:72:25-70
action#cn.jpush.android.intent.PushService
ADDED from [cn.jiguang:jpush:2.2.0] AndroidManifest.xml:73:17-78
	android:name
		ADDED from [cn.jiguang:jpush:2.2.0] AndroidManifest.xml:73:25-75
action#cn.jpush.android.intent.PUSH_TIME
ADDED from [cn.jiguang:jpush:2.2.0] AndroidManifest.xml:74:17-76
	android:name
		ADDED from [cn.jiguang:jpush:2.2.0] AndroidManifest.xml:74:25-73
service#cn.jpush.android.service.DaemonService
ADDED from [cn.jiguang:jpush:2.2.0] AndroidManifest.xml:80:9-89:19
	android:enabled
		ADDED from [cn.jiguang:jpush:2.2.0] AndroidManifest.xml:82:13-35
	android:exported
		ADDED from [cn.jiguang:jpush:2.2.0] AndroidManifest.xml:83:13-36
	android:name
		ADDED from [cn.jiguang:jpush:2.2.0] AndroidManifest.xml:81:13-66
intent-filter#${JPUSH_PKGNAME}+cn.jpush.android.intent.DaemonService
ADDED from [cn.jiguang:jpush:2.2.0] AndroidManifest.xml:84:13-88:29
action#cn.jpush.android.intent.DaemonService
ADDED from [cn.jiguang:jpush:2.2.0] AndroidManifest.xml:85:17-80
	android:name
		ADDED from [cn.jiguang:jpush:2.2.0] AndroidManifest.xml:85:25-77
receiver#cn.jpush.android.service.PushReceiver
ADDED from [cn.jiguang:jpush:2.2.0] AndroidManifest.xml:92:9-112:20
	android:enabled
		ADDED from [cn.jiguang:jpush:2.2.0] AndroidManifest.xml:94:13-35
	android:process
		ADDED from [cn.jiguang:jpush:2.2.0] AndroidManifest.xml:96:13-40
	android:exported
		ADDED from [cn.jiguang:jpush:2.2.0] AndroidManifest.xml:95:13-37
	android:name
		ADDED from [cn.jiguang:jpush:2.2.0] AndroidManifest.xml:93:13-65
intent-filter#${JPUSH_PKGNAME}+cn.jpush.android.intent.NOTIFICATION_RECEIVED_PROXY
ADDED from [cn.jiguang:jpush:2.2.0] AndroidManifest.xml:97:13-100:29
	android:priority
		ADDED from [cn.jiguang:jpush:2.2.0] AndroidManifest.xml:97:28-51
action#cn.jpush.android.intent.NOTIFICATION_RECEIVED_PROXY
ADDED from [cn.jiguang:jpush:2.2.0] AndroidManifest.xml:98:17-94
	android:name
		ADDED from [cn.jiguang:jpush:2.2.0] AndroidManifest.xml:98:25-91
intent-filter#android.intent.action.USER_PRESENT+android.net.conn.CONNECTIVITY_CHANGE
ADDED from [cn.jiguang:jpush:2.2.0] AndroidManifest.xml:101:13-104:29
action#android.intent.action.USER_PRESENT
ADDED from [cn.jiguang:jpush:2.2.0] AndroidManifest.xml:102:17-77
	android:name
		ADDED from [cn.jiguang:jpush:2.2.0] AndroidManifest.xml:102:25-74
action#android.net.conn.CONNECTIVITY_CHANGE
ADDED from [cn.jiguang:jpush:2.2.0] AndroidManifest.xml:103:17-79
	android:name
		ADDED from [cn.jiguang:jpush:2.2.0] AndroidManifest.xml:103:25-76
intent-filter#android.intent.action.PACKAGE_ADDED+android.intent.action.PACKAGE_REMOVED
ADDED from [cn.jiguang:jpush:2.2.0] AndroidManifest.xml:106:13-111:29
action#android.intent.action.PACKAGE_ADDED
ADDED from [cn.jiguang:jpush:2.2.0] AndroidManifest.xml:107:17-78
	android:name
		ADDED from [cn.jiguang:jpush:2.2.0] AndroidManifest.xml:107:25-75
action#android.intent.action.PACKAGE_REMOVED
ADDED from [cn.jiguang:jpush:2.2.0] AndroidManifest.xml:108:17-80
	android:name
		ADDED from [cn.jiguang:jpush:2.2.0] AndroidManifest.xml:108:25-77
data
ADDED from [cn.jiguang:jpush:2.2.0] AndroidManifest.xml:110:17-50
	android:scheme
		ADDED from [cn.jiguang:jpush:2.2.0] AndroidManifest.xml:110:23-47
receiver#cn.jpush.android.service.AlarmReceiver
ADDED from [cn.jiguang:jpush:2.2.0] AndroidManifest.xml:115:9-117:40
	android:exported
		ADDED from [cn.jiguang:jpush:2.2.0] AndroidManifest.xml:117:13-37
	android:name
		ADDED from [cn.jiguang:jpush:2.2.0] AndroidManifest.xml:116:13-66
meta-data#JPUSH_CHANNEL
ADDED from [cn.jiguang:jpush:2.2.0] AndroidManifest.xml:120:9-122:48
	android:value
		ADDED from [cn.jiguang:jpush:2.2.0] AndroidManifest.xml:122:13-45
	android:name
		ADDED from [cn.jiguang:jpush:2.2.0] AndroidManifest.xml:121:13-41
meta-data#JPUSH_APPKEY
ADDED from [cn.jiguang:jpush:2.2.0] AndroidManifest.xml:123:9-125:47